2026-05-30 22:45:09 - INFO  [main] c.e.C.CodGenerateApplication - Starting CodGenerateApplication using Java 21.0.9 with PID 14828 (C:\Users\PC USER\Desktop\pet\CodGenerate\target\classes started by PC USER in C:\Users\PC USER\Desktop\pet\CodGenerate)
2026-05-30 22:45:09 - DEBUG [main] c.e.C.CodGenerateApplication - Running with Spring Boot v4.0.6, Spring v7.0.7
2026-05-30 22:45:09 - INFO  [main] c.e.C.CodGenerateApplication - No active profile set, falling back to 1 default profile: "default"
2026-05-30 22:45:10 - INFO  [main] o.s.d.r.c.RepositoryConfigurationDelegate - Bootstrapping Spring Data JPA repositories in DEFAULT mode.
2026-05-30 22:45:10 - INFO  [main] o.s.d.r.c.RepositoryConfigurationDelegate - Finished Spring Data repository scanning in 80 ms. Found 4 JPA repository interfaces.
2026-05-30 22:45:10 - INFO  [main] o.s.boot.tomcat.TomcatWebServer - Tomcat initialized with port 8080 (http)
2026-05-30 22:45:10 - INFO  [main] o.a.catalina.core.StandardService - Starting service [Tomcat]
2026-05-30 22:45:10 - INFO  [main] o.a.catalina.core.StandardEngine - Starting Servlet engine: [Apache Tomcat/11.0.21]
2026-05-30 22:45:10 - INFO  [main] o.s.b.w.c.s.WebApplicationContextInitializer - Root WebApplicationContext: initialization completed in 1288 ms
2026-05-30 22:45:11 - INFO  [main] o.s.o.j.p.SpringPersistenceUnitInfo - No LoadTimeWeaver setup: ignoring JPA class transformer
2026-05-30 22:45:11 - INFO  [main] com.zaxxer.hikari.HikariDataSource - HikariPool-1 - Starting...
2026-05-30 22:45:11 - INFO  [main] com.zaxxer.hikari.pool.HikariPool - HikariPool-1 - Added connection org.postgresql.jdbc.PgConnection@4fafd27e
2026-05-30 22:45:11 - INFO  [main] com.zaxxer.hikari.HikariDataSource - HikariPool-1 - Start completed.
2026-05-30 22:45:11 - WARN  [main] org.hibernate.orm.deprecation - HHH90000025: PostgreSQLDialect does not need to be specified explicitly using 'hibernate.dialect' (remove the property setting and it will be selected by default)
2026-05-30 22:45:12 - INFO  [main] o.s.o.j.LocalContainerEntityManagerFactoryBean - Initialized JPA EntityManagerFactory for persistence unit 'default'
2026-05-30 22:45:12 - INFO  [main] o.s.d.j.r.q.QueryEnhancerFactories - Hibernate is in classpath; If applicable, HQL parser will be used.
2026-05-30 22:45:13 - DEBUG [main] c.e.C.config.JwtAuthenticationFilter - Filter 'jwtAuthenticationFilter' configured for use
2026-05-30 22:45:13 - INFO  [main] o.s.s.c.a.a.c.InitializeAuthenticationProviderBeanManagerConfigurer$InitializeAuthenticationProviderManagerConfigurer - Global AuthenticationManager configured with AuthenticationProvider bean with name authenticationProvider
2026-05-30 22:45:13 - WARN  [main] o.s.s.c.a.a.c.InitializeUserDetailsBeanManagerConfigurer$InitializeUserDetailsManagerConfigurer - Global AuthenticationManager configured with an AuthenticationProvider bean. UserDetailsService beans will not be used by Spring Security for automatically configuring username/password login. Consider removing the AuthenticationProvider bean. Alternatively, consider using the UserDetailsService in a manually instantiated DaoAuthenticationProvider. If the current configuration is intentional, to turn off this warning, increase the logging level of 'org.springframework.security.config.annotation.authentication.configuration.InitializeUserDetailsBeanManagerConfigurer' to ERROR
2026-05-30 22:45:13 - WARN  [main] o.s.b.j.a.JpaBaseConfiguration$JpaWebConfiguration - spring.jpa.open-in-view is enabled by default. Therefore, database queries may be performed during view rendering. Explicitly configure spring.jpa.open-in-view to disable this warning
2026-05-30 22:45:13 - INFO  [main] o.s.boot.tomcat.TomcatWebServer - Tomcat started on port 8080 (http) with context path '/'
2026-05-30 22:45:13 - INFO  [main] c.e.C.CodGenerateApplication - Started CodGenerateApplication in 4.925 seconds (process running for 5.297)
2026-05-30 22:45:26 - INFO  [http-nio-8080-exec-2] o.a.c.c.C.[Tomcat].[localhost].[/] - Initializing Spring DispatcherServlet 'dispatcherServlet'
2026-05-30 22:45:26 - INFO  [http-nio-8080-exec-2] o.s.web.servlet.DispatcherServlet - Initializing Servlet 'dispatcherServlet'
2026-05-30 22:45:26 - INFO  [http-nio-8080-exec-2] o.s.web.servlet.DispatcherServlet - Completed initialization in 2 ms
2026-05-30 22:45:26 - INFO  [http-nio-8080-exec-2] c.e.C.api.controllers.UserController - Login attempt for user: admin
2026-05-30 22:45:26 - INFO  [http-nio-8080-exec-2] c.e.C.api.controllers.UserController - User logged in successfully: admin
2026-05-30 22:46:36 - INFO  [http-nio-8080-exec-4] c.e.CodGenerate.service.OtpService - Generating OTP for user: admin, operationId: transfer-123
2026-05-30 22:46:36 - INFO  [http-nio-8080-exec-4] c.e.CodGenerate.service.OtpService - OTP generated successfully for user: admin, operationId: transfer-123, expiresAt: 2026-05-30T22:51:36.860510200
2026-05-30 22:46:36 - INFO  [http-nio-8080-exec-4] c.e.C.delivery.EmailChannel - [Email] Отправка кода 925324 на email admin@example.com
2026-05-30 22:46:36 - DEBUG [http-nio-8080-exec-4] c.e.C.delivery.EmailChannel - OTP код: 925324, истекает через: 2026-05-30T22:51:36.860510200
2026-05-30 22:46:36 - INFO  [http-nio-8080-exec-4] c.e.C.delivery.EmailChannel - OTP успешно отправлен по email на: admin@example.com
2026-05-30 22:50:38 - INFO  [SpringApplicationShutdownHook] o.s.boot.tomcat.GracefulShutdown - Commencing graceful shutdown. Waiting for active requests to complete
2026-05-30 22:50:38 - INFO  [tomcat-shutdown] o.s.boot.tomcat.GracefulShutdown - Graceful shutdown complete
2026-05-30 22:50:38 - INFO  [SpringApplicationShutdownHook] o.s.o.j.LocalContainerEntityManagerFactoryBean - Closing JPA EntityManagerFactory for persistence unit 'default'
2026-05-30 22:50:38 - INFO  [SpringApplicationShutdownHook] com.zaxxer.hikari.HikariDataSource - HikariPool-1 - Shutdown initiated...
2026-05-30 22:50:38 - INFO  [SpringApplicationShutdownHook] com.zaxxer.hikari.HikariDataSource - HikariPool-1 - Shutdown completed.
2026-05-30 22:50:50 - INFO  [main] c.e.C.CodGenerateApplication - Starting CodGenerateApplication using Java 21.0.9 with PID 15312 (C:\Users\PC USER\Desktop\pet\CodGenerate\target\classes started by PC USER in C:\Users\PC USER\Desktop\pet\CodGenerate)
2026-05-30 22:50:50 - DEBUG [main] c.e.C.CodGenerateApplication - Running with Spring Boot v4.0.6, Spring v7.0.7
2026-05-30 22:50:50 - INFO  [main] c.e.C.CodGenerateApplication - No active profile set, falling back to 1 default profile: "default"
2026-05-30 22:50:50 - INFO  [main] o.s.d.r.c.RepositoryConfigurationDelegate - Bootstrapping Spring Data JPA repositories in DEFAULT mode.
2026-05-30 22:50:50 - INFO  [main] o.s.d.r.c.RepositoryConfigurationDelegate - Finished Spring Data repository scanning in 70 ms. Found 4 JPA repository interfaces.
2026-05-30 22:50:51 - INFO  [main] o.s.boot.tomcat.TomcatWebServer - Tomcat initialized with port 8080 (http)
2026-05-30 22:50:51 - INFO  [main] o.a.catalina.core.StandardService - Starting service [Tomcat]
2026-05-30 22:50:51 - INFO  [main] o.a.catalina.core.StandardEngine - Starting Servlet engine: [Apache Tomcat/11.0.21]
2026-05-30 22:50:51 - INFO  [main] o.s.b.w.c.s.WebApplicationContextInitializer - Root WebApplicationContext: initialization completed in 1488 ms
2026-05-30 22:50:52 - INFO  [main] o.s.o.j.p.SpringPersistenceUnitInfo - No LoadTimeWeaver setup: ignoring JPA class transformer
2026-05-30 22:50:52 - INFO  [main] com.zaxxer.hikari.HikariDataSource - HikariPool-1 - Starting...
2026-05-30 22:50:52 - INFO  [main] com.zaxxer.hikari.pool.HikariPool - HikariPool-1 - Added connection org.postgresql.jdbc.PgConnection@54d60fa1
2026-05-30 22:50:52 - INFO  [main] com.zaxxer.hikari.HikariDataSource - HikariPool-1 - Start completed.
2026-05-30 22:50:52 - WARN  [main] org.hibernate.orm.deprecation - HHH90000025: PostgreSQLDialect does not need to be specified explicitly using 'hibernate.dialect' (remove the property setting and it will be selected by default)
2026-05-30 22:50:53 - INFO  [main] o.s.o.j.LocalContainerEntityManagerFactoryBean - Initialized JPA EntityManagerFactory for persistence unit 'default'
2026-05-30 22:50:53 - INFO  [main] o.s.d.j.r.q.QueryEnhancerFactories - Hibernate is in classpath; If applicable, HQL parser will be used.
2026-05-30 22:50:54 - DEBUG [main] c.e.C.config.JwtAuthenticationFilter - Filter 'jwtAuthenticationFilter' configured for use
2026-05-30 22:50:54 - INFO  [main] o.s.s.c.a.a.c.InitializeAuthenticationProviderBeanManagerConfigurer$InitializeAuthenticationProviderManagerConfigurer - Global AuthenticationManager configured with AuthenticationProvider bean with name authenticationProvider
2026-05-30 22:50:54 - WARN  [main] o.s.s.c.a.a.c.InitializeUserDetailsBeanManagerConfigurer$InitializeUserDetailsManagerConfigurer - Global AuthenticationManager configured with an AuthenticationProvider bean. UserDetailsService beans will not be used by Spring Security for automatically configuring username/password login. Consider removing the AuthenticationProvider bean. Alternatively, consider using the UserDetailsService in a manually instantiated DaoAuthenticationProvider. If the current configuration is intentional, to turn off this warning, increase the logging level of 'org.springframework.security.config.annotation.authentication.configuration.InitializeUserDetailsBeanManagerConfigurer' to ERROR
2026-05-30 22:50:54 - WARN  [main] o.s.b.j.a.JpaBaseConfiguration$JpaWebConfiguration - spring.jpa.open-in-view is enabled by default. Therefore, database queries may be performed during view rendering. Explicitly configure spring.jpa.open-in-view to disable this warning
2026-05-30 22:50:55 - INFO  [main] o.s.boot.tomcat.TomcatWebServer - Tomcat started on port 8080 (http) with context path '/'
2026-05-30 22:50:55 - INFO  [main] c.e.C.CodGenerateApplication - Started CodGenerateApplication in 5.429 seconds (process running for 5.816)
2026-05-30 22:50:55 - INFO  [scheduling-1] c.e.C.service.OtpExpirationScheduler - Running scheduled task: expiring old OTP codes
2026-05-30 22:50:55 - DEBUG [scheduling-1] c.e.C.service.OtpExpirationScheduler - No expired OTP codes found
2026-05-30 22:51:07 - INFO  [SpringApplicationShutdownHook] o.s.boot.tomcat.GracefulShutdown - Commencing graceful shutdown. Waiting for active requests to complete
2026-05-30 22:51:07 - INFO  [tomcat-shutdown] o.s.boot.tomcat.GracefulShutdown - Graceful shutdown complete
2026-05-30 22:51:07 - INFO  [SpringApplicationShutdownHook] o.s.o.j.LocalContainerEntityManagerFactoryBean - Closing JPA EntityManagerFactory for persistence unit 'default'
2026-05-30 22:51:07 - INFO  [SpringApplicationShutdownHook] com.zaxxer.hikari.HikariDataSource - HikariPool-1 - Shutdown initiated...
2026-05-30 22:51:07 - INFO  [SpringApplicationShutdownHook] com.zaxxer.hikari.HikariDataSource - HikariPool-1 - Shutdown completed.
2026-05-30 22:51:45 - INFO  [main] c.e.C.CodGenerateApplication - Starting CodGenerateApplication using Java 21.0.9 with PID 5920 (C:\Users\PC USER\Desktop\pet\CodGenerate\target\classes started by PC USER in C:\Users\PC USER\Desktop\pet\CodGenerate)
2026-05-30 22:51:45 - DEBUG [main] c.e.C.CodGenerateApplication - Running with Spring Boot v4.0.6, Spring v7.0.7
2026-05-30 22:51:45 - INFO  [main] c.e.C.CodGenerateApplication - No active profile set, falling back to 1 default profile: "default"
2026-05-30 22:51:45 - INFO  [main] o.s.d.r.c.RepositoryConfigurationDelegate - Bootstrapping Spring Data JPA repositories in DEFAULT mode.
2026-05-30 22:51:45 - INFO  [main] o.s.d.r.c.RepositoryConfigurationDelegate - Finished Spring Data repository scanning in 56 ms. Found 4 JPA repository interfaces.
2026-05-30 22:51:46 - INFO  [main] o.s.boot.tomcat.TomcatWebServer - Tomcat initialized with port 8080 (http)
2026-05-30 22:51:46 - INFO  [main] o.a.catalina.core.StandardService - Starting service [Tomcat]
2026-05-30 22:51:46 - INFO  [main] o.a.catalina.core.StandardEngine - Starting Servlet engine: [Apache Tomcat/11.0.21]
2026-05-30 22:51:46 - INFO  [main] o.s.b.w.c.s.WebApplicationContextInitializer - Root WebApplicationContext: initialization completed in 1270 ms
2026-05-30 22:51:46 - INFO  [main] o.s.o.j.p.SpringPersistenceUnitInfo - No LoadTimeWeaver setup: ignoring JPA class transformer
2026-05-30 22:51:47 - INFO  [main] com.zaxxer.hikari.HikariDataSource - HikariPool-1 - Starting...
2026-05-30 22:51:47 - INFO  [main] com.zaxxer.hikari.pool.HikariPool - HikariPool-1 - Added connection org.postgresql.jdbc.PgConnection@54d60fa1
2026-05-30 22:51:47 - INFO  [main] com.zaxxer.hikari.HikariDataSource - HikariPool-1 - Start completed.
2026-05-30 22:51:47 - WARN  [main] org.hibernate.orm.deprecation - HHH90000025: PostgreSQLDialect does not need to be specified explicitly using 'hibernate.dialect' (remove the property setting and it will be selected by default)
2026-05-30 22:51:48 - INFO  [main] o.s.o.j.LocalContainerEntityManagerFactoryBean - Initialized JPA EntityManagerFactory for persistence unit 'default'
2026-05-30 22:51:48 - INFO  [main] o.s.d.j.r.q.QueryEnhancerFactories - Hibernate is in classpath; If applicable, HQL parser will be used.
2026-05-30 22:51:48 - DEBUG [main] c.e.C.config.JwtAuthenticationFilter - Filter 'jwtAuthenticationFilter' configured for use
2026-05-30 22:51:48 - INFO  [main] o.s.s.c.a.a.c.InitializeAuthenticationProviderBeanManagerConfigurer$InitializeAuthenticationProviderManagerConfigurer - Global AuthenticationManager configured with AuthenticationProvider bean with name authenticationProvider
2026-05-30 22:51:48 - WARN  [main] o.s.s.c.a.a.c.InitializeUserDetailsBeanManagerConfigurer$InitializeUserDetailsManagerConfigurer - Global AuthenticationManager configured with an AuthenticationProvider bean. UserDetailsService beans will not be used by Spring Security for automatically configuring username/password login. Consider removing the AuthenticationProvider bean. Alternatively, consider using the UserDetailsService in a manually instantiated DaoAuthenticationProvider. If the current configuration is intentional, to turn off this warning, increase the logging level of 'org.springframework.security.config.annotation.authentication.configuration.InitializeUserDetailsBeanManagerConfigurer' to ERROR
2026-05-30 22:51:48 - WARN  [main] o.s.b.j.a.JpaBaseConfiguration$JpaWebConfiguration - spring.jpa.open-in-view is enabled by default. Therefore, database queries may be performed during view rendering. Explicitly configure spring.jpa.open-in-view to disable this warning
2026-05-30 22:51:49 - INFO  [main] o.s.boot.tomcat.TomcatWebServer - Tomcat started on port 8080 (http) with context path '/'
2026-05-30 22:51:49 - INFO  [main] c.e.C.CodGenerateApplication - Started CodGenerateApplication in 4.808 seconds (process running for 5.166)
2026-05-30 22:51:49 - INFO  [scheduling-1] c.e.C.service.OtpExpirationScheduler - Running scheduled task: expiring old OTP codes
2026-05-30 22:51:49 - INFO  [scheduling-1] c.e.C.service.OtpExpirationScheduler - Expired 1 OTP codes
2026-05-30 22:52:19 - INFO  [scheduling-1] c.e.C.service.OtpExpirationScheduler - Running scheduled task: expiring old OTP codes
2026-05-30 22:52:19 - DEBUG [scheduling-1] c.e.C.service.OtpExpirationScheduler - No expired OTP codes found
2026-05-30 22:52:40 - INFO  [http-nio-8080-exec-1] o.a.c.c.C.[Tomcat].[localhost].[/] - Initializing Spring DispatcherServlet 'dispatcherServlet'
2026-05-30 22:52:40 - INFO  [http-nio-8080-exec-1] o.s.web.servlet.DispatcherServlet - Initializing Servlet 'dispatcherServlet'
2026-05-30 22:52:40 - INFO  [http-nio-8080-exec-1] o.s.web.servlet.DispatcherServlet - Completed initialization in 1 ms
2026-05-30 22:52:41 - INFO  [http-nio-8080-exec-1] c.e.CodGenerate.service.OtpService - Generating OTP for user: admin, operationId: transfer-123
2026-05-30 22:52:41 - INFO  [http-nio-8080-exec-1] c.e.CodGenerate.service.OtpService - OTP generated successfully for user: admin, operationId: transfer-123, expiresAt: 2026-05-30T22:57:41.242769900
2026-05-30 22:52:41 - INFO  [http-nio-8080-exec-1] c.e.C.delivery.EmailChannel - [Email] Отправка кода 697762 на email admin@example.com
2026-05-30 22:52:41 - DEBUG [http-nio-8080-exec-1] c.e.C.delivery.EmailChannel - OTP код: 697762, истекает через: 2026-05-30T22:57:41.242769900
2026-05-30 22:52:41 - INFO  [http-nio-8080-exec-1] c.e.C.delivery.EmailChannel - OTP успешно отправлен по email на: admin@example.com
2026-05-30 22:52:49 - INFO  [scheduling-1] c.e.C.service.OtpExpirationScheduler - Running scheduled task: expiring old OTP codes
2026-05-30 22:52:49 - DEBUG [scheduling-1] c.e.C.service.OtpExpirationScheduler - No expired OTP codes found
2026-05-30 22:53:19 - INFO  [scheduling-1] c.e.C.service.OtpExpirationScheduler - Running scheduled task: expiring old OTP codes
2026-05-30 22:53:19 - DEBUG [scheduling-1] c.e.C.service.OtpExpirationScheduler - No expired OTP codes found
2026-05-30 22:53:29 - INFO  [SpringApplicationShutdownHook] o.s.boot.tomcat.GracefulShutdown - Commencing graceful shutdown. Waiting for active requests to complete
2026-05-30 22:53:29 - INFO  [tomcat-shutdown] o.s.boot.tomcat.GracefulShutdown - Graceful shutdown complete
2026-05-30 22:53:29 - INFO  [SpringApplicationShutdownHook] o.s.o.j.LocalContainerEntityManagerFactoryBean - Closing JPA EntityManagerFactory for persistence unit 'default'
2026-05-30 22:53:29 - INFO  [SpringApplicationShutdownHook] com.zaxxer.hikari.HikariDataSource - HikariPool-1 - Shutdown initiated...
2026-05-30 22:53:29 - INFO  [SpringApplicationShutdownHook] com.zaxxer.hikari.HikariDataSource - HikariPool-1 - Shutdown completed.
